2023-12-18 22:12:431 INFO  HomePage :27 - Enter username [[ChromeDriver: chrome on windows (bf1044f6d7a5796189c16f20d0563e13)] -> xpath: /html[1]/body[1]/div[1]/div[1]/div[1]/div[1]/div[1]/div[2]/div[2]/form[1]/div[1]/div[1]/div[2]/input[1]]
2023-12-18 22:12:634 INFO  HomePage :34 - Enter password [[ChromeDriver: chrome on windows (bf1044f6d7a5796189c16f20d0563e13)] -> xpath: /html[1]/body[1]/div[1]/div[1]/div[1]/div[1]/div[1]/div[2]/div[2]/form[1]/div[2]/div[1]/div[2]/input[1]]
2023-12-18 22:12:782 INFO  HomePage :40 - Click On login Button [[ChromeDriver: chrome on windows (bf1044f6d7a5796189c16f20d0563e13)] -> xpath: /html[1]/body[1]/div[1]/div[1]/div[1]/div[1]/div[1]/div[2]/div[2]/form[1]/div[3]/button[1]]
2023-12-18 22:12:635 INFO  HomePage :39 - Display logo on home Proxy element for: DefaultElementLocator 'By.xpath: //body/div[@id='app']/div[1]/div[1]/div[1]/div[1]/div[1]/img[1]'
2023-12-18 22:12:947 INFO  HomePage :27 - Enter username [[ChromeDriver: chrome on windows (bd872d4e549017705b97d2bff67f595a)] -> xpath: /html[1]/body[1]/div[1]/div[1]/div[1]/div[1]/div[1]/div[2]/div[2]/form[1]/div[1]/div[1]/div[2]/input[1]]
2023-12-18 22:12:99 INFO  HomePage :34 - Enter password [[ChromeDriver: chrome on windows (bd872d4e549017705b97d2bff67f595a)] -> xpath: /html[1]/body[1]/div[1]/div[1]/div[1]/div[1]/div[1]/div[2]/div[2]/form[1]/div[2]/div[1]/div[2]/input[1]]
2023-12-18 22:12:224 INFO  HomePage :40 - Click On login Button [[ChromeDriver: chrome on windows (bd872d4e549017705b97d2bff67f595a)] -> xpath: /html[1]/body[1]/div[1]/div[1]/div[1]/div[1]/div[1]/div[2]/div[2]/form[1]/div[3]/button[1]]
2023-12-18 22:12:37 INFO  HomePage :27 - Enter username [[ChromeDriver: chrome on windows (b596617852ae11cb6adb6a707d09a975)] -> xpath: /html[1]/body[1]/div[1]/div[1]/div[1]/div[1]/div[1]/div[2]/div[2]/form[1]/div[1]/div[1]/div[2]/input[1]]
2023-12-18 22:12:199 INFO  HomePage :34 - Enter password [[ChromeDriver: chrome on windows (b596617852ae11cb6adb6a707d09a975)] -> xpath: /html[1]/body[1]/div[1]/div[1]/div[1]/div[1]/div[1]/div[2]/div[2]/form[1]/div[2]/div[1]/div[2]/input[1]]
2023-12-18 22:12:349 INFO  HomePage :40 - Click On login Button [[ChromeDriver: chrome on windows (b596617852ae11cb6adb6a707d09a975)] -> xpath: /html[1]/body[1]/div[1]/div[1]/div[1]/div[1]/div[1]/div[2]/div[2]/form[1]/div[3]/button[1]]
2023-12-18 22:12:537 INFO  DashboardPage :27 - Enter Profile Photo [[ChromeDriver: chrome on windows (b596617852ae11cb6adb6a707d09a975)] -> xpath: (//img[@class='oxd-userdropdown-img'])[1]]
2023-12-18 22:12:618 INFO  DashboardPage :31 - Click On logout [[ChromeDriver: chrome on windows (b596617852ae11cb6adb6a707d09a975)] -> xpath: (//a[normalize-space()='Logout'])[1]]
2023-12-18 22:12:885 INFO  DashboardPage :35 - Getting loginpanel [[ChromeDriver: chrome on windows (b596617852ae11cb6adb6a707d09a975)] -> xpath: (//h5[normalize-space()='Login'])[1]]
2023-12-18 22:12:218 INFO  HomePage :27 - Enter username [[ChromeDriver: chrome on windows (014f64e46a6dfd3f9dde742f2f0ac7e0)] -> xpath: /html[1]/body[1]/div[1]/div[1]/div[1]/div[1]/div[1]/div[2]/div[2]/form[1]/div[1]/div[1]/div[2]/input[1]]
2023-12-18 22:12:462 INFO  HomePage :34 - Enter password [[ChromeDriver: chrome on windows (014f64e46a6dfd3f9dde742f2f0ac7e0)] -> xpath: /html[1]/body[1]/div[1]/div[1]/div[1]/div[1]/div[1]/div[2]/div[2]/form[1]/div[2]/div[1]/div[2]/input[1]]
2023-12-18 22:12:630 INFO  HomePage :40 - Click On login Button [[ChromeDriver: chrome on windows (014f64e46a6dfd3f9dde742f2f0ac7e0)] -> xpath: /html[1]/body[1]/div[1]/div[1]/div[1]/div[1]/div[1]/div[2]/div[2]/form[1]/div[3]/button[1]]
2023-12-18 22:12:189 INFO  HomePage :43 - Getting error message Proxy element for: DefaultElementLocator 'By.xpath: (//span[@class='oxd-text oxd-text--span oxd-input-field-error-message oxd-input-group__message'][normalize-space()='Required'])[1]'
2023-12-18 22:12:792 INFO  HomePage :27 - Enter username [[ChromeDriver: chrome on windows (f5bdf67868c5e94f78784ecf8eaca53b)] -> xpath: /html[1]/body[1]/div[1]/div[1]/div[1]/div[1]/div[1]/div[2]/div[2]/form[1]/div[1]/div[1]/div[2]/input[1]]
2023-12-18 22:12:40 INFO  HomePage :34 - Enter password [[ChromeDriver: chrome on windows (f5bdf67868c5e94f78784ecf8eaca53b)] -> xpath: /html[1]/body[1]/div[1]/div[1]/div[1]/div[1]/div[1]/div[2]/div[2]/form[1]/div[2]/div[1]/div[2]/input[1]]
2023-12-18 22:12:185 INFO  HomePage :40 - Click On login Button [[ChromeDriver: chrome on windows (f5bdf67868c5e94f78784ecf8eaca53b)] -> xpath: /html[1]/body[1]/div[1]/div[1]/div[1]/div[1]/div[1]/div[2]/div[2]/form[1]/div[3]/button[1]]
2023-12-18 22:12:684 INFO  HomePage :43 - Getting error message Proxy element for: DefaultElementLocator 'By.xpath: (//span[@class='oxd-text oxd-text--span oxd-input-field-error-message oxd-input-group__message'][normalize-space()='Required'])[1]'
2023-12-18 22:12:664 INFO  HomePage :27 - Enter username [[ChromeDriver: chrome on windows (8b82ef8185e4d397e56def7bfd1ef637)] -> xpath: /html[1]/body[1]/div[1]/div[1]/div[1]/div[1]/div[1]/div[2]/div[2]/form[1]/div[1]/div[1]/div[2]/input[1]]
2023-12-18 22:12:930 INFO  HomePage :34 - Enter password [[ChromeDriver: chrome on windows (8b82ef8185e4d397e56def7bfd1ef637)] -> xpath: /html[1]/body[1]/div[1]/div[1]/div[1]/div[1]/div[1]/div[2]/div[2]/form[1]/div[2]/div[1]/div[2]/input[1]]
2023-12-18 22:12:60 INFO  HomePage :40 - Click On login Button [[ChromeDriver: chrome on windows (8b82ef8185e4d397e56def7bfd1ef637)] -> xpath: /html[1]/body[1]/div[1]/div[1]/div[1]/div[1]/div[1]/div[2]/div[2]/form[1]/div[3]/button[1]]
2023-12-18 22:12:569 INFO  HomePage :43 - Getting error message Proxy element for: DefaultElementLocator 'By.xpath: (//span[@class='oxd-text oxd-text--span oxd-input-field-error-message oxd-input-group__message'][normalize-space()='Required'])[1]'
2023-12-18 22:12:377 INFO  HomePage :27 - Enter username [[ChromeDriver: chrome on windows (0a1259208f041e3762892cb7d1ee642c)] -> xpath: /html[1]/body[1]/div[1]/div[1]/div[1]/div[1]/div[1]/div[2]/div[2]/form[1]/div[1]/div[1]/div[2]/input[1]]
2023-12-18 22:12:535 INFO  HomePage :34 - Enter password [[ChromeDriver: chrome on windows (0a1259208f041e3762892cb7d1ee642c)] -> xpath: /html[1]/body[1]/div[1]/div[1]/div[1]/div[1]/div[1]/div[2]/div[2]/form[1]/div[2]/div[1]/div[2]/input[1]]
2023-12-18 22:12:687 INFO  HomePage :40 - Click On login Button [[ChromeDriver: chrome on windows (0a1259208f041e3762892cb7d1ee642c)] -> xpath: /html[1]/body[1]/div[1]/div[1]/div[1]/div[1]/div[1]/div[2]/div[2]/form[1]/div[3]/button[1]]
2023-12-18 22:12:298 INFO  HomePage :43 - Getting error message Proxy element for: DefaultElementLocator 'By.xpath: (//span[@class='oxd-text oxd-text--span oxd-input-field-error-message oxd-input-group__message'][normalize-space()='Required'])[1]'
2023-12-18 22:12:827 INFO  HomePage :27 - Enter username [[ChromeDriver: chrome on windows (8f4e4731c4995323ccb04775046727b7)] -> xpath: /html[1]/body[1]/div[1]/div[1]/div[1]/div[1]/div[1]/div[2]/div[2]/form[1]/div[1]/div[1]/div[2]/input[1]]
2023-12-18 22:12:77 INFO  HomePage :34 - Enter password [[ChromeDriver: chrome on windows (8f4e4731c4995323ccb04775046727b7)] -> xpath: /html[1]/body[1]/div[1]/div[1]/div[1]/div[1]/div[1]/div[2]/div[2]/form[1]/div[2]/div[1]/div[2]/input[1]]
2023-12-18 22:12:305 INFO  HomePage :40 - Click On login Button [[ChromeDriver: chrome on windows (8f4e4731c4995323ccb04775046727b7)] -> xpath: /html[1]/body[1]/div[1]/div[1]/div[1]/div[1]/div[1]/div[2]/div[2]/form[1]/div[3]/button[1]]
2023-12-18 22:12:414 INFO  AdminPage :25 - Click on Admin [[ChromeDriver: chrome on windows (8f4e4731c4995323ccb04775046727b7)] -> xpath: /html[1]/body[1]/div[1]/div[1]/div[1]/aside[1]/nav[1]/div[2]/ul[1]/li[1]/a[1]]
2023-12-18 22:12:510 INFO  AdminPage :35 - Click on Add Button [[ChromeDriver: chrome on windows (8f4e4731c4995323ccb04775046727b7)] -> css selector: button[class='oxd-button oxd-button--medium oxd-button--secondary']]
2023-12-18 22:12:968 INFO  AddUserPage :57 - Select user Role Proxy element for: DefaultElementLocator 'By.xpath: //div[@class='oxd-grid-4 orangehrm-full-width-grid']/div[2]/div/div[2]/div/div/div[2]/i'
2023-12-18 22:12:314 INFO  HomePage :27 - Enter username [[ChromeDriver: chrome on windows (1981dd9366b5b23410561bdcba57a805)] -> xpath: /html[1]/body[1]/div[1]/div[1]/div[1]/div[1]/div[1]/div[2]/div[2]/form[1]/div[1]/div[1]/div[2]/input[1]]
2023-12-18 22:12:714 INFO  HomePage :34 - Enter password [[ChromeDriver: chrome on windows (1981dd9366b5b23410561bdcba57a805)] -> xpath: /html[1]/body[1]/div[1]/div[1]/div[1]/div[1]/div[1]/div[2]/div[2]/form[1]/div[2]/div[1]/div[2]/input[1]]
2023-12-18 22:12:929 INFO  HomePage :40 - Click On login Button [[ChromeDriver: chrome on windows (1981dd9366b5b23410561bdcba57a805)] -> xpath: /html[1]/body[1]/div[1]/div[1]/div[1]/div[1]/div[1]/div[2]/div[2]/form[1]/div[3]/button[1]]
2023-12-18 22:12:504 INFO  AdminPage :25 - Click on Admin [[ChromeDriver: chrome on windows (1981dd9366b5b23410561bdcba57a805)] -> xpath: /html[1]/body[1]/div[1]/div[1]/div[1]/aside[1]/nav[1]/div[2]/ul[1]/li[1]/a[1]]
2023-12-18 22:12:596 INFO  HomePage :27 - Enter username [[ChromeDriver: chrome on windows (c8985fd380539d0ee37bbf38d1e6c465)] -> xpath: /html[1]/body[1]/div[1]/div[1]/div[1]/div[1]/div[1]/div[2]/div[2]/form[1]/div[1]/div[1]/div[2]/input[1]]
2023-12-18 22:12:839 INFO  HomePage :34 - Enter password [[ChromeDriver: chrome on windows (c8985fd380539d0ee37bbf38d1e6c465)] -> xpath: /html[1]/body[1]/div[1]/div[1]/div[1]/div[1]/div[1]/div[2]/div[2]/form[1]/div[2]/div[1]/div[2]/input[1]]
2023-12-18 22:12:52 INFO  HomePage :40 - Click On login Button [[ChromeDriver: chrome on windows (c8985fd380539d0ee37bbf38d1e6c465)] -> xpath: /html[1]/body[1]/div[1]/div[1]/div[1]/div[1]/div[1]/div[2]/div[2]/form[1]/div[3]/button[1]]
2023-12-18 22:12:258 INFO  AdminPage :25 - Click on Admin [[ChromeDriver: chrome on windows (c8985fd380539d0ee37bbf38d1e6c465)] -> xpath: /html[1]/body[1]/div[1]/div[1]/div[1]/aside[1]/nav[1]/div[2]/ul[1]/li[1]/a[1]]
2023-12-18 22:12:145 INFO  HomePage :27 - Enter username [[ChromeDriver: chrome on windows (6626183ba45d2aeef04ea7735da81b31)] -> xpath: /html[1]/body[1]/div[1]/div[1]/div[1]/div[1]/div[1]/div[2]/div[2]/form[1]/div[1]/div[1]/div[2]/input[1]]
2023-12-18 22:12:325 INFO  HomePage :34 - Enter password [[ChromeDriver: chrome on windows (6626183ba45d2aeef04ea7735da81b31)] -> xpath: /html[1]/body[1]/div[1]/div[1]/div[1]/div[1]/div[1]/div[2]/div[2]/form[1]/div[2]/div[1]/div[2]/input[1]]
2023-12-18 22:12:474 INFO  HomePage :40 - Click On login Button [[ChromeDriver: chrome on windows (6626183ba45d2aeef04ea7735da81b31)] -> xpath: /html[1]/body[1]/div[1]/div[1]/div[1]/div[1]/div[1]/div[2]/div[2]/form[1]/div[3]/button[1]]
2023-12-18 22:12:560 INFO  AdminPage :25 - Click on Admin [[ChromeDriver: chrome on windows (6626183ba45d2aeef04ea7735da81b31)] -> xpath: /html[1]/body[1]/div[1]/div[1]/div[1]/aside[1]/nav[1]/div[2]/ul[1]/li[1]/a[1]]
2023-12-18 22:12:785 INFO  HomePage :27 - Enter username [[ChromeDriver: chrome on windows (d5b0f9e16a29052d5f53bcbbe8b4ae82)] -> xpath: /html[1]/body[1]/div[1]/div[1]/div[1]/div[1]/div[1]/div[2]/div[2]/form[1]/div[1]/div[1]/div[2]/input[1]]
2023-12-18 22:12:971 INFO  HomePage :34 - Enter password [[ChromeDriver: chrome on windows (d5b0f9e16a29052d5f53bcbbe8b4ae82)] -> xpath: /html[1]/body[1]/div[1]/div[1]/div[1]/div[1]/div[1]/div[2]/div[2]/form[1]/div[2]/div[1]/div[2]/input[1]]
2023-12-18 22:12:104 INFO  HomePage :40 - Click On login Button [[ChromeDriver: chrome on windows (d5b0f9e16a29052d5f53bcbbe8b4ae82)] -> xpath: /html[1]/body[1]/div[1]/div[1]/div[1]/div[1]/div[1]/div[2]/div[2]/form[1]/div[3]/button[1]]
2023-12-18 22:12:287 INFO  AdminPage :25 - Click on Admin [[ChromeDriver: chrome on windows (d5b0f9e16a29052d5f53bcbbe8b4ae82)] -> xpath: /html[1]/body[1]/div[1]/div[1]/div[1]/aside[1]/nav[1]/div[2]/ul[1]/li[1]/a[1]]
2023-12-18 22:12:176 INFO  HomePage :27 - Enter username [[ChromeDriver: chrome on windows (65190b909afbf2cceae78b4ffb51efe3)] -> xpath: /html[1]/body[1]/div[1]/div[1]/div[1]/div[1]/div[1]/div[2]/div[2]/form[1]/div[1]/div[1]/div[2]/input[1]]
2023-12-18 22:12:373 INFO  HomePage :34 - Enter password [[ChromeDriver: chrome on windows (65190b909afbf2cceae78b4ffb51efe3)] -> xpath: /html[1]/body[1]/div[1]/div[1]/div[1]/div[1]/div[1]/div[2]/div[2]/form[1]/div[2]/div[1]/div[2]/input[1]]
2023-12-18 22:12:520 INFO  HomePage :40 - Click On login Button [[ChromeDriver: chrome on windows (65190b909afbf2cceae78b4ffb51efe3)] -> xpath: /html[1]/body[1]/div[1]/div[1]/div[1]/div[1]/div[1]/div[2]/div[2]/form[1]/div[3]/button[1]]
2023-12-18 22:12:591 INFO  AdminPage :25 - Click on Admin [[ChromeDriver: chrome on windows (65190b909afbf2cceae78b4ffb51efe3)] -> xpath: /html[1]/body[1]/div[1]/div[1]/div[1]/aside[1]/nav[1]/div[2]/ul[1]/li[1]/a[1]]
2023-12-18 22:12:544 INFO  HomePage :27 - Enter username [[ChromeDriver: chrome on windows (bcdbd72c0d3f12bc6aaaf783f75f8c3b)] -> xpath: /html[1]/body[1]/div[1]/div[1]/div[1]/div[1]/div[1]/div[2]/div[2]/form[1]/div[1]/div[1]/div[2]/input[1]]
2023-12-18 22:12:748 INFO  HomePage :34 - Enter password [[ChromeDriver: chrome on windows (bcdbd72c0d3f12bc6aaaf783f75f8c3b)] -> xpath: /html[1]/body[1]/div[1]/div[1]/div[1]/div[1]/div[1]/div[2]/div[2]/form[1]/div[2]/div[1]/div[2]/input[1]]
2023-12-18 22:12:930 INFO  HomePage :40 - Click On login Button [[ChromeDriver: chrome on windows (bcdbd72c0d3f12bc6aaaf783f75f8c3b)] -> xpath: /html[1]/body[1]/div[1]/div[1]/div[1]/div[1]/div[1]/div[2]/div[2]/form[1]/div[3]/button[1]]
2023-12-18 22:12:16 INFO  AdminPage :25 - Click on Admin [[ChromeDriver: chrome on windows (bcdbd72c0d3f12bc6aaaf783f75f8c3b)] -> xpath: /html[1]/body[1]/div[1]/div[1]/div[1]/aside[1]/nav[1]/div[2]/ul[1]/li[1]/a[1]]
